<?xml version="1.0" encoding="UTF-8" standalone="yes"?>
<ns2:test-suite xmlns:ns2="urn:model.allure.qatools.yandex.ru" start="1671293915517" stop="1671293941498" version="1.4.0">
    <name>All Test Suite</name>
    <test-cases>
        <test-case start="1671293915609" stop="1671293939672" status="passed">
            <name>initialDemo3</name>
            <steps/>
            <attachments/>
            <labels/>
        </test-case>
        <test-case start="1671293915609" stop="1671293940304" status="passed">
            <name>initialDemo2</name>
            <steps/>
            <attachments/>
            <labels/>
        </test-case>
        <test-case start="1671293915609" stop="1671293940376" status="passed">
            <name>initailDemo1</name>
            <steps/>
            <attachments/>
            <labels/>
        </test-case>
        <test-case start="1671293915609" stop="1671293940652" status="failed">
            <name>Date</name>
            <failure>
                <message>AssertionError: expected [mustafa] but found [https://rahulshettyacademy.com/dropdownsPractise/]</message>
                <stack-trace>java.lang.AssertionError: expected [mustafa] but found [https://rahulshettyacademy.com/dropdownsPractise/]
	at org.testng.Assert.fail(Assert.java:93)
	at org.testng.Assert.failNotSame(Assert.java:508)
	at org.testng.Assert.assertSame(Assert.java:459)
	at org.testng.Assert.assertSame(Assert.java:469)
	at myExtendReportPackage.Test4.Date(Test4.java:21)
	at java.base/jdk.internal.reflect.NativeMethodAccessorImpl.invoke0(Native Method)
	at java.base/jdk.internal.reflect.NativeMethodAccessorImpl.invoke(NativeMethodAccessorImpl.java:62)
	at java.base/jdk.internal.reflect.DelegatingMethodAccessorImpl.invoke(DelegatingMethodAccessorImpl.java:43)
	at java.base/java.lang.reflect.Method.invoke(Method.java:566)
	at org.testng.internal.MethodInvocationHelper.invokeMethod(MethodInvocationHelper.java:108)
	at org.testng.internal.Invoker.invokeMethod(Invoker.java:661)
	at org.testng.internal.Invoker.invokeTestMethod(Invoker.java:869)
	at org.testng.internal.Invoker.invokeTestMethods(Invoker.java:1193)
	at org.testng.internal.TestMethodWorker.invokeTestMethods(TestMethodWorker.java:126)
	at org.testng.internal.TestMethodWorker.run(TestMethodWorker.java:109)
	at java.base/java.util.concurrent.ThreadPoolExecutor.runWorker(ThreadPoolExecutor.java:1128)
	at java.base/java.util.concurrent.ThreadPoolExecutor$Worker.run(ThreadPoolExecutor.java:628)
	at java.base/java.lang.Thread.run(Thread.java:834)
</stack-trace>
            </failure>
            <steps/>
            <attachments/>
            <labels/>
        </test-case>
    </test-cases>
    <labels>
        <label name="framework" value="TestNG"/>
        <label name="feature" value="Test"/>
        <label name="language" value="JAVA"/>
    </labels>
</ns2:test-suite>
